<?xml version="1.0" encoding="UTF-8"?>
<!-- Generated by org.testng.reporters.JUnitXMLReporter -->
<testsuite hostname="DESKTOP-KN642OP" ignored="0" name="Test" tests="6" failures="0" timestamp="30 Jan 2022 09:56:24 GMT" time="57.306" errors="0">
  <testcase name="test4" time="0.067" classname="testNGPractice.testNGPractice.RetryTestTwo"/>
  <testcase name="test6" time="0.126" classname="testNGPractice.testNGPractice.RetryTestTwo"/>
  <testcase name="test5" time="0.127" classname="testNGPractice.testNGPractice.RetryTestTwo"/>
  <testcase name="test2" time="52.007" classname="testNGPractice.testNGPractice.RetryTestOne"/>
  <testcase name="test3" time="55.508" classname="testNGPractice.testNGPractice.RetryTestOne"/>
  <testcase name="test1" time="57.219" classname="testNGPractice.testNGPractice.RetryTestOne"/>
</testsuite> <!-- Test -->
