<?xml version="1.0" encoding="UTF-8"?>
<testng-results skipped="0" failed="0" ignored="0" total="6" passed="6">
  <reporter-output>
  </reporter-output>
  <suite name="Suite" duration-ms="57306" started-at="2022-01-30T09:55:27Z" finished-at="2022-01-30T09:56:24Z">
    <groups>
    </groups>
    <test name="Test" duration-ms="57306" started-at="2022-01-30T09:55:27Z" finished-at="2022-01-30T09:56:24Z">
      <class name="testNGPractice.testNGPractice.RetryTestTwo">
        <test-method status="PASS" signature="test6()[pri:0, instance:testNGPractice.testNGPractice.RetryTestTwo@4c70fda8]" name="test6" duration-ms="126" started-at="2022-01-30T09:55:27Z" finished-at="2022-01-30T09:55:27Z">
          <reporter-output>
          </reporter-output>
        </test-method> <!-- test6 -->
        <test-method status="PASS" signature="test5()[pri:0, instance:testNGPractice.testNGPractice.RetryTestTwo@4c70fda8]" name="test5" duration-ms="127" started-at="2022-01-30T09:55:27Z" finished-at="2022-01-30T09:55:27Z">
          <reporter-output>
          </reporter-output>
        </test-method> <!-- test5 -->
        <test-method status="PASS" signature="test4()[pri:0, instance:testNGPractice.testNGPractice.RetryTestTwo@4c70fda8]" name="test4" duration-ms="67" started-at="2022-01-30T09:55:27Z" finished-at="2022-01-30T09:55:27Z">
          <reporter-output>
          </reporter-output>
        </test-method> <!-- test4 -->
      </class> <!-- testNGPractice.testNGPractice.RetryTestTwo -->
      <class name="testNGPractice.testNGPractice.RetryTestOne">
        <test-method status="PASS" signature="test3()[pri:0, instance:testNGPractice.testNGPractice.RetryTestOne@26be92ad]" name="test3" duration-ms="55508" started-at="2022-01-30T09:55:27Z" finished-at="2022-01-30T09:56:22Z">
          <reporter-output>
          </reporter-output>
        </test-method> <!-- test3 -->
        <test-method status="PASS" signature="test2()[pri:0, instance:testNGPractice.testNGPractice.RetryTestOne@26be92ad]" name="test2" duration-ms="52007" started-at="2022-01-30T09:55:27Z" finished-at="2022-01-30T09:56:19Z">
          <reporter-output>
          </reporter-output>
        </test-method> <!-- test2 -->
        <test-method status="PASS" signature="test1()[pri:0, instance:testNGPractice.testNGPractice.RetryTestOne@26be92ad]" name="test1" duration-ms="57219" started-at="2022-01-30T09:55:27Z" finished-at="2022-01-30T09:56:24Z">
          <reporter-output>
          </reporter-output>
        </test-method> <!-- test1 -->
      </class> <!-- testNGPractice.testNGPractice.RetryTestOne -->
    </test> <!-- Test -->
  </suite> <!-- Suite -->
</testng-results>
